<?xml version="1.0" encoding="UTF-8"?>
<!-- Generated by org.testng.reporters.JUnitReportReporter -->
<testsuite hostname="LAPTOP-L8BS8AR8" failures="0" tests="1" name="com.timekeeping.actiTime.selenium.basicTestCase.ClassF" time="0.012" errors="0" timestamp="2022-09-07T11:14:55 IST" skipped="0">
  <testcase classname="com.timekeeping.actiTime.selenium.basicTestCase.ClassF" name="demo3" time="0.012"/>
  <system-out/>
</testsuite> <!-- com.timekeeping.actiTime.selenium.basicTestCase.ClassF -->
