<?xml version="1.0" encoding="UTF-8"?>
<!-- Generated by org.testng.reporters.JUnitReportReporter -->
<testsuite hostname="LAPTOP-L8BS8AR8" failures="0" tests="1" name="com.timekeeping.actiTime.selenium.TaskTest.CreateCustomerInTaskTest1" time="92.524" errors="0" timestamp="2022-09-15T10:19:18 IST" skipped="0">
  <testcase classname="com.timekeeping.actiTime.selenium.TaskTest.CreateCustomerInTaskTest1" name="createCustomerTest" time="92.524"/>
  <system-out/>
</testsuite> <!-- com.timekeeping.actiTime.selenium.TaskTest.CreateCustomerInTaskTest1 -->
