<?xml version="1.0" encoding="UTF-8"?>
<!-- Generated by org.testng.reporters.JUnitReportReporter -->
<testsuite hostname="LAPTOP-L8BS8AR8" failures="0" tests="2" name="com.timekeeping.actiTime.selenium.basicTestCase.ToPerformGroupExecution" time="0.024" errors="0" timestamp="02 Sep 2022 05:24:00 GMT" skipped="0">
  <testcase classname="com.timekeeping.actiTime.selenium.basicTestCase.ToPerformGroupExecution" name="login" time="0.020"/>
  <testcase classname="com.timekeeping.actiTime.selenium.basicTestCase.ToPerformGroupExecution" name="logout" time="0.004"/>
</testsuite> <!-- com.timekeeping.actiTime.selenium.basicTestCase.ToPerformGroupExecution -->
