<?xml version="1.0" encoding="UTF-8"?>
<!-- Generated by org.testng.reporters.JUnitReportReporter -->
<testsuite hostname="LAPTOP-L8BS8AR8" failures="0" tests="2" name="com.timekeeping.actiTime.selenium.basicTestCase.ClassE" time="0.006" errors="0" timestamp="2022-09-07T11:14:55 IST" skipped="0">
  <testcase classname="com.timekeeping.actiTime.selenium.basicTestCase.ClassE" name="demo1" time="0.003"/>
  <system-out/>
  <testcase classname="com.timekeeping.actiTime.selenium.basicTestCase.ClassE" name="demo2" time="0.003"/>
  <system-out/>
</testsuite> <!-- com.timekeeping.actiTime.selenium.basicTestCase.ClassE -->
