<?xml version="1.0" encoding="UTF-8"?>
<!-- Generated by org.testng.reporters.JUnitReportReporter -->
<testsuite hostname="LAPTOP-L8BS8AR8" failures="0" tests="3" name="com.timekeeping.actiTime.selenium.basicTestCase.ClassA" time="0.017" errors="0" timestamp="02 Sep 2022 05:31:12 GMT" skipped="1">
  <testcase classname="com.timekeeping.actiTime.selenium.basicTestCase.ClassA" name="demo2" time="0.013"/>
  <testcase classname="com.timekeeping.actiTime.selenium.basicTestCase.ClassA" name="demo3" time="0.004"/>
  <testcase classname="com.timekeeping.actiTime.selenium.basicTestCase.ClassA" name="demo1">
    <skipped/>
  </testcase> <!-- demo1 -->
</testsuite> <!-- com.timekeeping.actiTime.selenium.basicTestCase.ClassA -->
