<?xml version="1.0" encoding="UTF-8"?>
<!-- Generated by org.testng.reporters.JUnitReportReporter -->
<testsuite hostname="LAPTOP-L8BS8AR8" failures="0" tests="1" name="com.timekeeping.actiTime.selenium.basicTestCase.ClassC" time="0.010" errors="0" timestamp="02 Sep 2022 05:05:48 GMT" skipped="0">
  <testcase classname="com.timekeeping.actiTime.selenium.basicTestCase.ClassC" name="demo" time="0.010"/>
</testsuite> <!-- com.timekeeping.actiTime.selenium.basicTestCase.ClassC -->
