<?xml version="1.0" encoding="UTF-8"?>
<!-- Generated by org.testng.reporters.JUnitReportReporter -->
<testsuite hostname="LAPTOP-L8BS8AR8" failures="0" tests="1" name="com.timekeeping.actiTime.selenium.TaskTest.CreateCustomerInTaskTest" time="52.121" errors="0" timestamp="2022-09-15T10:17:32 IST" skipped="0">
  <testcase classname="com.timekeeping.actiTime.selenium.TaskTest.CreateCustomerInTaskTest" name="createCustomerTest" time="52.121"/>
  <system-out/>
</testsuite> <!-- com.timekeeping.actiTime.selenium.TaskTest.CreateCustomerInTaskTest -->
