<?xml version="1.0" encoding="UTF-8"?>
<!-- Generated by org.testng.reporters.JUnitReportReporter -->
<testsuite hostname="LAPTOP-L8BS8AR8" failures="0" tests="3" name="com.timekeeping.actiTime.selenium.basicTestCase.ClassB" time="0.004" errors="0" timestamp="02 Sep 2022 05:05:48 GMT" skipped="0">
  <testcase classname="com.timekeeping.actiTime.selenium.basicTestCase.ClassB" name="demo5" time="0.001"/>
  <testcase classname="com.timekeeping.actiTime.selenium.basicTestCase.ClassB" name="demo4" time="0.002"/>
  <testcase classname="com.timekeeping.actiTime.selenium.basicTestCase.ClassB" name="demo6" time="0.001"/>
</testsuite> <!-- com.timekeeping.actiTime.selenium.basicTestCase.ClassB -->
